[debug] [2020-05-06T13:44:25.798Z] ----------------------------------------------------------------------
[debug] [2020-05-06T13:44:25.800Z] Command:       /usr/local/bin/node /usr/local/bin/firebase deploy --debug
[debug] [2020-05-06T13:44:25.800Z] CLI Version:   8.2.0
[debug] [2020-05-06T13:44:25.800Z] Platform:      darwin
[debug] [2020-05-06T13:44:25.800Z] Node Version:  v12.16.1
[debug] [2020-05-06T13:44:25.821Z] Time:          Wed May 06 2020 15:44:25 GMT+0200 (GMT+02:00)
[debug] [2020-05-06T13:44:25.822Z] ----------------------------------------------------------------------
[debug] [2020-05-06T13:44:25.822Z] 
[debug] [2020-05-06T13:44:25.834Z] > command requires scopes: ["email","openid","https://www.googleapis.com/auth/cloudplatformprojects.readonly","https://www.googleapis.com/auth/firebase","https://www.googleapis.com/auth/cloud-platform"]
[debug] [2020-05-06T13:44:25.836Z] > authorizing via signed-in user
[debug] [2020-05-06T13:44:25.836Z] [iam] checking project pz-dostawa for permissions ["cloudfunctions.functions.create","cloudfunctions.functions.delete","cloudfunctions.functions.get","cloudfunctions.functions.list","cloudfunctions.functions.update","cloudfunctions.operations.get","firebase.projects.get"]
[debug] [2020-05-06T13:44:25.851Z] >>> HTTP REQUEST POST https://cloudresourcemanager.googleapis.com/v1/projects/pz-dostawa:testIamPermissions  
 {"permissions":["cloudfunctions.functions.create","cloudfunctions.functions.delete","cloudfunctions.functions.get","cloudfunctions.functions.list","cloudfunctions.functions.update","cloudfunctions.operations.get","firebase.projects.get"]}
[debug] [2020-05-06T13:44:27.101Z] <<< HTTP RESPONSE 200 {"content-type":"application/json; charset=UTF-8","vary":"X-Origin, Referer, Origin,Accept-Encoding","date":"Wed, 06 May 2020 13:44:26 GMT","server":"ESF","cache-control":"private","x-xss-protection":"0","x-frame-options":"SAMEORIGIN","x-content-type-options":"nosniff","server-timing":"gfet4t7; dur=837","alt-svc":"h3-27=\":443\"; ma=2592000,h3-25=\":443\"; ma=2592000,h3-Q050=\":443\"; ma=2592000,h3-Q049=\":443\"; ma=2592000,h3-Q048=\":443\"; ma=2592000,h3-Q046=\":443\"; ma=2592000,h3-Q043=\":443\"; ma=2592000,quic=\":443\"; ma=2592000; v=\"46,43\"","accept-ranges":"none","transfer-encoding":"chunked"}
[debug] [2020-05-06T13:44:27.103Z] >>> HTTP REQUEST POST https://iam.googleapis.com/v1/projects/pz-dostawa/serviceAccounts/pz-dostawa@appspot.gserviceaccount.com:testIamPermissions  
 {"permissions":["iam.serviceAccounts.actAs"]}
[debug] [2020-05-06T13:44:28.402Z] <<< HTTP RESPONSE 200 {"content-type":"application/json; charset=UTF-8","vary":"X-Origin, Referer, Origin,Accept-Encoding","date":"Wed, 06 May 2020 13:44:28 GMT","server":"ESF","cache-control":"private","x-xss-protection":"0","x-frame-options":"SAMEORIGIN","x-content-type-options":"nosniff","alt-svc":"h3-27=\":443\"; ma=2592000,h3-25=\":443\"; ma=2592000,h3-Q050=\":443\"; ma=2592000,h3-Q049=\":443\"; ma=2592000,h3-Q048=\":443\"; ma=2592000,h3-Q046=\":443\"; ma=2592000,h3-Q043=\":443\"; ma=2592000,quic=\":443\"; ma=2592000; v=\"46,43\"","accept-ranges":"none","transfer-encoding":"chunked"}
[info] 
[info] === Deploying to 'pz-dostawa'...
[info] 
[info] i  deploying functions
[info] Running command: npm --prefix "$RESOURCE_DIR" run lint
[info] ✔  functions: Finished running predeploy script.
[debug] [2020-05-06T13:44:32.614Z] > [functions] package.json contents: {
  "name": "functions",
  "description": "Cloud Functions for Firebase",
  "scripts": {
    "lint": "eslint .",
    "serve": "firebase emulators:start --only functions",
    "shell": "firebase functions:shell",
    "start": "npm run shell",
    "deploy": "firebase deploy --only functions",
    "logs": "firebase functions:log"
  },
  "engines": {
    "node": "8"
  },
  "dependencies": {
    "firebase-admin": "^8.10.0",
    "firebase-functions": "^3.6.1"
  },
  "devDependencies": {
    "eslint": "^5.12.0",
    "eslint-plugin-promise": "^4.0.1",
    "firebase-functions-test": "^0.2.0"
  },
  "private": true
}
[info] i  functions: ensuring required API cloudfunctions.googleapis.com is enabled...
[debug] [2020-05-06T13:44:34.090Z] [functions] runtime dependency check dates: warning: 2020-05-12T00:00:00.000Z error: 2020-06-16T00:00:00.000Z
[debug] [2020-05-06T13:44:34.091Z] >>> HTTP REQUEST GET https://serviceusage.googleapis.com/v1/projects/pz-dostawa/services/cloudfunctions.googleapis.com  
 
[debug] [2020-05-06T13:44:34.091Z] >>> HTTP REQUEST GET https://serviceusage.googleapis.com/v1/projects/pz-dostawa/services/runtimeconfig.googleapis.com  
 
[debug] [2020-05-06T13:44:35.128Z] <<< HTTP RESPONSE 200 {"content-type":"application/json; charset=UTF-8","vary":"X-Origin, Referer, Origin,Accept-Encoding","date":"Wed, 06 May 2020 13:44:35 GMT","server":"ESF","cache-control":"private","x-xss-protection":"0","x-frame-options":"SAMEORIGIN","x-content-type-options":"nosniff","alt-svc":"h3-27=\":443\"; ma=2592000,h3-25=\":443\"; ma=2592000,h3-Q050=\":443\"; ma=2592000,h3-Q049=\":443\"; ma=2592000,h3-Q048=\":443\"; ma=2592000,h3-Q046=\":443\"; ma=2592000,h3-Q043=\":443\"; ma=2592000,quic=\":443\"; ma=2592000; v=\"46,43\"","accept-ranges":"none","transfer-encoding":"chunked"}
[debug] [2020-05-06T13:44:35.167Z] <<< HTTP RESPONSE 200 {"content-type":"application/json; charset=UTF-8","vary":"X-Origin, Referer, Origin,Accept-Encoding","date":"Wed, 06 May 2020 13:44:35 GMT","server":"ESF","cache-control":"private","x-xss-protection":"0","x-frame-options":"SAMEORIGIN","x-content-type-options":"nosniff","alt-svc":"h3-27=\":443\"; ma=2592000,h3-25=\":443\"; ma=2592000,h3-Q050=\":443\"; ma=2592000,h3-Q049=\":443\"; ma=2592000,h3-Q048=\":443\"; ma=2592000,h3-Q046=\":443\"; ma=2592000,h3-Q043=\":443\"; ma=2592000,quic=\":443\"; ma=2592000; v=\"46,43\"","accept-ranges":"none","transfer-encoding":"chunked"}
[info] ✔  functions: required API cloudfunctions.googleapis.com is enabled
[debug] [2020-05-06T13:44:35.169Z] >>> HTTP REQUEST GET https://firebase.googleapis.com/v1beta1/projects/pz-dostawa/adminSdkConfig  
 
[debug] [2020-05-06T13:44:35.689Z] <<< HTTP RESPONSE 200 {"content-type":"application/json; charset=UTF-8","vary":"X-Origin, Referer, Origin,Accept-Encoding","date":"Wed, 06 May 2020 13:44:35 GMT","server":"ESF","cache-control":"private","x-xss-protection":"0","x-frame-options":"SAMEORIGIN","x-content-type-options":"nosniff","alt-svc":"h3-27=\":443\"; ma=2592000,h3-25=\":443\"; ma=2592000,h3-Q050=\":443\"; ma=2592000,h3-Q049=\":443\"; ma=2592000,h3-Q048=\":443\"; ma=2592000,h3-Q046=\":443\"; ma=2592000,h3-Q043=\":443\"; ma=2592000,quic=\":443\"; ma=2592000; v=\"46,43\"","accept-ranges":"none","transfer-encoding":"chunked"}
[info] i  functions: preparing functions directory for uploading...
[debug] [2020-05-06T13:44:35.692Z] >>> HTTP REQUEST GET https://runtimeconfig.googleapis.com/v1beta1/projects/pz-dostawa/configs  
 
[debug] [2020-05-06T13:44:36.277Z] <<< HTTP RESPONSE 200 {"content-type":"application/json; charset=UTF-8","vary":"X-Origin, Referer, Origin,Accept-Encoding","date":"Wed, 06 May 2020 13:44:36 GMT","server":"ESF","cache-control":"private","x-xss-protection":"0","x-frame-options":"SAMEORIGIN","x-content-type-options":"nosniff","alt-svc":"h3-27=\":443\"; ma=2592000,h3-25=\":443\"; ma=2592000,h3-Q050=\":443\"; ma=2592000,h3-Q049=\":443\"; ma=2592000,h3-Q048=\":443\"; ma=2592000,h3-Q046=\":443\"; ma=2592000,h3-Q043=\":443\"; ma=2592000,quic=\":443\"; ma=2592000; v=\"46,43\"","accept-ranges":"none","transfer-encoding":"chunked"}
[info] i  functions: packaged functions (40.37 KB) for uploading
[debug] [2020-05-06T13:44:36.493Z] >>> HTTP REQUEST GET https://cloudfunctions.googleapis.com/v1/projects/pz-dostawa/locations/-/functions  
 
[debug] [2020-05-06T13:44:37.197Z] <<< HTTP RESPONSE 200 {"content-type":"application/json; charset=UTF-8","vary":"X-Origin, Referer, Origin,Accept-Encoding","date":"Wed, 06 May 2020 13:44:36 GMT","server":"ESF","cache-control":"private","x-xss-protection":"0","x-frame-options":"SAMEORIGIN","x-content-type-options":"nosniff","alt-svc":"h3-27=\":443\"; ma=2592000,h3-25=\":443\"; ma=2592000,h3-Q050=\":443\"; ma=2592000,h3-Q049=\":443\"; ma=2592000,h3-Q048=\":443\"; ma=2592000,h3-Q046=\":443\"; ma=2592000,h3-Q043=\":443\"; ma=2592000,quic=\":443\"; ma=2592000; v=\"46,43\"","accept-ranges":"none","transfer-encoding":"chunked"}
[debug] [2020-05-06T13:44:37.199Z] [functions] found 1 new HTTP functions, testing setIamPolicy permission...
[debug] [2020-05-06T13:44:37.200Z] >>> HTTP REQUEST POST https://cloudresourcemanager.googleapis.com/v1/projects/pz-dostawa:testIamPermissions  
 {"permissions":["cloudfunctions.functions.setIamPolicy"]}
[debug] [2020-05-06T13:44:38.077Z] <<< HTTP RESPONSE 200 {"content-type":"application/json; charset=UTF-8","vary":"X-Origin, Referer, Origin,Accept-Encoding","date":"Wed, 06 May 2020 13:44:38 GMT","server":"ESF","cache-control":"private","x-xss-protection":"0","x-frame-options":"SAMEORIGIN","x-content-type-options":"nosniff","server-timing":"gfet4t7; dur=773","alt-svc":"h3-27=\":443\"; ma=2592000,h3-25=\":443\"; ma=2592000,h3-Q050=\":443\"; ma=2592000,h3-Q049=\":443\"; ma=2592000,h3-Q048=\":443\"; ma=2592000,h3-Q046=\":443\"; ma=2592000,h3-Q043=\":443\"; ma=2592000,quic=\":443\"; ma=2592000; v=\"46,43\"","accept-ranges":"none","transfer-encoding":"chunked"}
[debug] [2020-05-06T13:44:38.079Z] [functions] found setIamPolicy permission, proceeding with deploy
[debug] [2020-05-06T13:44:38.080Z] >>> HTTP REQUEST POST https://cloudfunctions.googleapis.com/v1/projects/pz-dostawa/locations/us-central1/functions:generateUploadUrl  
 
[debug] [2020-05-06T13:44:38.708Z] <<< HTTP RESPONSE 200 {"content-type":"application/json; charset=UTF-8","vary":"X-Origin, Referer, Origin,Accept-Encoding","date":"Wed, 06 May 2020 13:44:38 GMT","server":"ESF","cache-control":"private","x-xss-protection":"0","x-frame-options":"SAMEORIGIN","x-content-type-options":"nosniff","alt-svc":"h3-27=\":443\"; ma=2592000,h3-25=\":443\"; ma=2592000,h3-Q050=\":443\"; ma=2592000,h3-Q049=\":443\"; ma=2592000,h3-Q048=\":443\"; ma=2592000,h3-Q046=\":443\"; ma=2592000,h3-Q043=\":443\"; ma=2592000,quic=\":443\"; ma=2592000; v=\"46,43\"","accept-ranges":"none","transfer-encoding":"chunked"}
[debug] [2020-05-06T13:44:38.709Z] >>> HTTP REQUEST PUT https://storage.googleapis.com/gcf-upload-us-central1-0c6c38ed-fa3e-4740-b576-2a8ef519a70d/30fe3a77-d470-4e3f-a62a-b3135575de31.zip?GoogleAccessId=service-424887163109@gcf-admin-robot.iam.gserviceaccount.com&Expires=1588774478&Signature=usMsgJ%2Busq38AnmhH%2FuqtZTYHj3AkHGkXS%2F0MVZwnNj%2BxhQs3P49I1yIJcgpgWLHNoxiB2cX35WsEqYmg9EWM4Pr36S1flFwMdMmB2TvJCtEhK%2BXrvZYbUu5hzn1OaOK0c0D5JmCzcYc3x%2Bihx1Xh6S4iF6MefG0f18QOguQsRZEIQazmFqKda2%2BbM1Vd226uv6uQyyLmkpwcGWglJ2ELr0lryoc7JO1XMCb%2FF10%2FGasdcLhJzpkg0n14LnWWOJt9a1nLTU7biJuTPT1fCLBC%2FIOhf2RakwVUbo6gxwulYS0TY9m5mZnx3Frpum%2BWhxI%2BVTXpktJYW%2Fd3m%2BqoMHYEQ%3D%3D  
 <request body omitted>
[debug] [2020-05-06T13:44:39.078Z] <<< HTTP RESPONSE 200 {"x-guploader-uploadid":"AAANsUkktHdM4uD22gYDkUBOALsynwTG07PPMYqZVjLZmLl0VoAy-KdT8NgzVuvLy5ILpPHZRH25xfYSlPnvwgstEg","etag":"\"809313db74052ccc2a421c34a7d0f137\"","x-goog-generation":"1588772679017432","x-goog-metageneration":"1","x-goog-hash":"crc32c=mNQOMg==, md5=gJMT23QFLMwqQhw0p9DxNw==","x-goog-stored-content-length":"41340","x-goog-stored-content-encoding":"identity","vary":"Origin","content-length":"0","date":"Wed, 06 May 2020 13:44:39 GMT","server":"UploadServer","content-type":"text/html; charset=UTF-8","alt-svc":"h3-27=\":443\"; ma=2592000,h3-25=\":443\"; ma=2592000,h3-Q050=\":443\"; ma=2592000,h3-Q049=\":443\"; ma=2592000,h3-Q048=\":443\"; ma=2592000,h3-Q046=\":443\"; ma=2592000,h3-Q043=\":443\"; ma=2592000,quic=\":443\"; ma=2592000; v=\"46,43\""}
[info] ✔  functions: functions folder uploaded successfully
[info] i  functions: creating Node.js 8 function helloWorld(us-central1)...
[debug] [2020-05-06T13:44:39.081Z] Trigger is:  {"httpsTrigger":{}}
[debug] [2020-05-06T13:44:39.082Z] >>> HTTP REQUEST GET https://serviceusage.googleapis.com/v1/projects/pz-dostawa/services/cloudscheduler.googleapis.com  
 
[debug] [2020-05-06T13:44:39.659Z] <<< HTTP RESPONSE 200 {"content-type":"application/json; charset=UTF-8","vary":"X-Origin, Referer, Origin,Accept-Encoding","date":"Wed, 06 May 2020 13:44:39 GMT","server":"ESF","cache-control":"private","x-xss-protection":"0","x-frame-options":"SAMEORIGIN","x-content-type-options":"nosniff","alt-svc":"h3-27=\":443\"; ma=2592000,h3-25=\":443\"; ma=2592000,h3-Q050=\":443\"; ma=2592000,h3-Q049=\":443\"; ma=2592000,h3-Q048=\":443\"; ma=2592000,h3-Q046=\":443\"; ma=2592000,h3-Q043=\":443\"; ma=2592000,quic=\":443\"; ma=2592000; v=\"46,43\"","accept-ranges":"none","transfer-encoding":"chunked"}
[debug] [2020-05-06T13:44:39.661Z] >>> HTTP REQUEST POST https://cloudfunctions.googleapis.com/v1/projects/pz-dostawa/locations/us-central1/functions  
 {"sourceUploadUrl":"https://storage.googleapis.com/gcf-upload-us-central1-0c6c38ed-fa3e-4740-b576-2a8ef519a70d/30fe3a77-d470-4e3f-a62a-b3135575de31.zip?GoogleAccessId=service-424887163109@gcf-admin-robot.iam.gserviceaccount.com&Expires=1588774478&Signature=usMsgJ%2Busq38AnmhH%2FuqtZTYHj3AkHGkXS%2F0MVZwnNj%2BxhQs3P49I1yIJcgpgWLHNoxiB2cX35WsEqYmg9EWM4Pr36S1flFwMdMmB2TvJCtEhK%2BXrvZYbUu5hzn1OaOK0c0D5JmCzcYc3x%2Bihx1Xh6S4iF6MefG0f18QOguQsRZEIQazmFqKda2%2BbM1Vd226uv6uQyyLmkpwcGWglJ2ELr0lryoc7JO1XMCb%2FF10%2FGasdcLhJzpkg0n14LnWWOJt9a1nLTU7biJuTPT1fCLBC%2FIOhf2RakwVUbo6gxwulYS0TY9m5mZnx3Frpum%2BWhxI%2BVTXpktJYW%2Fd3m%2BqoMHYEQ%3D%3D","name":"projects/pz-dostawa/locations/us-central1/functions/helloWorld","entryPoint":"helloWorld","labels":{"deployment-tool":"cli-firebase"},"runtime":"nodejs8","httpsTrigger":{}}
[debug] [2020-05-06T13:44:40.397Z] <<< HTTP RESPONSE 200 {"content-type":"application/json; charset=UTF-8","vary":"X-Origin, Referer, Origin,Accept-Encoding","date":"Wed, 06 May 2020 13:44:40 GMT","server":"ESF","cache-control":"private","x-xss-protection":"0","x-frame-options":"SAMEORIGIN","x-content-type-options":"nosniff","alt-svc":"h3-27=\":443\"; ma=2592000,h3-25=\":443\"; ma=2592000,h3-Q050=\":443\"; ma=2592000,h3-Q049=\":443\"; ma=2592000,h3-Q048=\":443\"; ma=2592000,h3-Q046=\":443\"; ma=2592000,h3-Q043=\":443\"; ma=2592000,quic=\":443\"; ma=2592000; v=\"46,43\"","accept-ranges":"none","transfer-encoding":"chunked"}
[debug] [2020-05-06T13:44:40.398Z] Setting public policy for function helloWorld
[debug] [2020-05-06T13:44:40.399Z] >>> HTTP REQUEST POST https://cloudfunctions.googleapis.com/v1/projects/pz-dostawa/locations/us-central1/functions/helloWorld:setIamPolicy  
 {"policy":{"version":3,"bindings":[{"role":"roles/cloudfunctions.invoker","members":["allUsers"]}]},"updateMask":"version,bindings"}
[debug] [2020-05-06T13:44:40.954Z] <<< HTTP RESPONSE 200 {"content-type":"application/json; charset=UTF-8","vary":"X-Origin, Referer, Origin,Accept-Encoding","date":"Wed, 06 May 2020 13:44:40 GMT","server":"ESF","cache-control":"private","x-xss-protection":"0","x-frame-options":"SAMEORIGIN","x-content-type-options":"nosniff","alt-svc":"h3-27=\":443\"; ma=2592000,h3-25=\":443\"; ma=2592000,h3-Q050=\":443\"; ma=2592000,h3-Q049=\":443\"; ma=2592000,h3-Q048=\":443\"; ma=2592000,h3-Q046=\":443\"; ma=2592000,h3-Q043=\":443\"; ma=2592000,quic=\":443\"; ma=2592000; v=\"46,43\"","accept-ranges":"none","transfer-encoding":"chunked"}
[debug] [2020-05-06T13:44:40.956Z] >>> HTTP REQUEST GET https://cloudfunctions.googleapis.com/v1/projects/pz-dostawa/locations/-/functions  
 
[debug] [2020-05-06T13:44:41.503Z] <<< HTTP RESPONSE 200 {"content-type":"application/json; charset=UTF-8","vary":"X-Origin, Referer, Origin,Accept-Encoding","date":"Wed, 06 May 2020 13:44:41 GMT","server":"ESF","cache-control":"private","x-xss-protection":"0","x-frame-options":"SAMEORIGIN","x-content-type-options":"nosniff","alt-svc":"h3-27=\":443\"; ma=2592000,h3-25=\":443\"; ma=2592000,h3-Q050=\":443\"; ma=2592000,h3-Q049=\":443\"; ma=2592000,h3-Q048=\":443\"; ma=2592000,h3-Q046=\":443\"; ma=2592000,h3-Q043=\":443\"; ma=2592000,quic=\":443\"; ma=2592000; v=\"46,43\"","accept-ranges":"none","transfer-encoding":"chunked"}
[debug] [2020-05-06T13:44:41.504Z] >>> HTTP REQUEST GET https://cloudfunctions.googleapis.com/v1/operations/cHotZG9zdGF3YS91cy1jZW50cmFsMS9oZWxsb1dvcmxkL25oOFFRaTZkLUMw  
 
[debug] [2020-05-06T13:44:42.481Z] <<< HTTP RESPONSE 200 {"content-type":"application/json; charset=UTF-8","vary":"X-Origin, Referer, Origin,Accept-Encoding","date":"Wed, 06 May 2020 13:44:41 GMT","server":"ESF","cache-control":"private","x-xss-protection":"0","x-frame-options":"SAMEORIGIN","x-content-type-options":"nosniff","alt-svc":"h3-27=\":443\"; ma=2592000,h3-25=\":443\"; ma=2592000,h3-Q050=\":443\"; ma=2592000,h3-Q049=\":443\"; ma=2592000,h3-Q048=\":443\"; ma=2592000,h3-Q046=\":443\"; ma=2592000,h3-Q043=\":443\"; ma=2592000,quic=\":443\"; ma=2592000; v=\"46,43\"","accept-ranges":"none","transfer-encoding":"chunked"}
[debug] [2020-05-06T13:44:44.488Z] >>> HTTP REQUEST GET https://cloudfunctions.googleapis.com/v1/operations/cHotZG9zdGF3YS91cy1jZW50cmFsMS9oZWxsb1dvcmxkL25oOFFRaTZkLUMw  
 
[debug] [2020-05-06T13:44:44.790Z] <<< HTTP RESPONSE 200 {"content-type":"application/json; charset=UTF-8","vary":"X-Origin, Referer, Origin,Accept-Encoding","date":"Wed, 06 May 2020 13:44:44 GMT","server":"ESF","cache-control":"private","x-xss-protection":"0","x-frame-options":"SAMEORIGIN","x-content-type-options":"nosniff","alt-svc":"h3-27=\":443\"; ma=2592000,h3-25=\":443\"; ma=2592000,h3-Q050=\":443\"; ma=2592000,h3-Q049=\":443\"; ma=2592000,h3-Q048=\":443\"; ma=2592000,h3-Q046=\":443\"; ma=2592000,h3-Q043=\":443\"; ma=2592000,quic=\":443\"; ma=2592000; v=\"46,43\"","accept-ranges":"none","transfer-encoding":"chunked"}
[debug] [2020-05-06T13:44:46.792Z] >>> HTTP REQUEST GET https://cloudfunctions.googleapis.com/v1/operations/cHotZG9zdGF3YS91cy1jZW50cmFsMS9oZWxsb1dvcmxkL25oOFFRaTZkLUMw  
 
[debug] [2020-05-06T13:44:47.335Z] <<< HTTP RESPONSE 200 {"content-type":"application/json; charset=UTF-8","vary":"X-Origin, Referer, Origin,Accept-Encoding","date":"Wed, 06 May 2020 13:44:47 GMT","server":"ESF","cache-control":"private","x-xss-protection":"0","x-frame-options":"SAMEORIGIN","x-content-type-options":"nosniff","alt-svc":"h3-27=\":443\"; ma=2592000,h3-25=\":443\"; ma=2592000,h3-Q050=\":443\"; ma=2592000,h3-Q049=\":443\"; ma=2592000,h3-Q048=\":443\"; ma=2592000,h3-Q046=\":443\"; ma=2592000,h3-Q043=\":443\"; ma=2592000,quic=\":443\"; ma=2592000; v=\"46,43\"","accept-ranges":"none","transfer-encoding":"chunked"}
[debug] [2020-05-06T13:44:49.342Z] >>> HTTP REQUEST GET https://cloudfunctions.googleapis.com/v1/operations/cHotZG9zdGF3YS91cy1jZW50cmFsMS9oZWxsb1dvcmxkL25oOFFRaTZkLUMw  
 
[debug] [2020-05-06T13:44:52.200Z] <<< HTTP RESPONSE 200 {"content-type":"application/json; charset=UTF-8","vary":"X-Origin, Referer, Origin,Accept-Encoding","date":"Wed, 06 May 2020 13:44:51 GMT","server":"ESF","cache-control":"private","x-xss-protection":"0","x-frame-options":"SAMEORIGIN","x-content-type-options":"nosniff","alt-svc":"h3-27=\":443\"; ma=2592000,h3-25=\":443\"; ma=2592000,h3-Q050=\":443\"; ma=2592000,h3-Q049=\":443\"; ma=2592000,h3-Q048=\":443\"; ma=2592000,h3-Q046=\":443\"; ma=2592000,h3-Q043=\":443\"; ma=2592000,quic=\":443\"; ma=2592000; v=\"46,43\"","accept-ranges":"none","transfer-encoding":"chunked"}
[debug] [2020-05-06T13:44:54.200Z] >>> HTTP REQUEST GET https://cloudfunctions.googleapis.com/v1/operations/cHotZG9zdGF3YS91cy1jZW50cmFsMS9oZWxsb1dvcmxkL25oOFFRaTZkLUMw  
 
[debug] [2020-05-06T13:44:54.631Z] <<< HTTP RESPONSE 200 {"content-type":"application/json; charset=UTF-8","vary":"X-Origin, Referer, Origin,Accept-Encoding","date":"Wed, 06 May 2020 13:44:54 GMT","server":"ESF","cache-control":"private","x-xss-protection":"0","x-frame-options":"SAMEORIGIN","x-content-type-options":"nosniff","alt-svc":"h3-27=\":443\"; ma=2592000,h3-25=\":443\"; ma=2592000,h3-Q050=\":443\"; ma=2592000,h3-Q049=\":443\"; ma=2592000,h3-Q048=\":443\"; ma=2592000,h3-Q046=\":443\"; ma=2592000,h3-Q043=\":443\"; ma=2592000,quic=\":443\"; ma=2592000; v=\"46,43\"","accept-ranges":"none","transfer-encoding":"chunked"}
[debug] [2020-05-06T13:44:56.638Z] >>> HTTP REQUEST GET https://cloudfunctions.googleapis.com/v1/operations/cHotZG9zdGF3YS91cy1jZW50cmFsMS9oZWxsb1dvcmxkL25oOFFRaTZkLUMw  
 
[debug] [2020-05-06T13:44:57.168Z] <<< HTTP RESPONSE 200 {"content-type":"application/json; charset=UTF-8","vary":"X-Origin, Referer, Origin,Accept-Encoding","date":"Wed, 06 May 2020 13:44:57 GMT","server":"ESF","cache-control":"private","x-xss-protection":"0","x-frame-options":"SAMEORIGIN","x-content-type-options":"nosniff","alt-svc":"h3-27=\":443\"; ma=2592000,h3-25=\":443\"; ma=2592000,h3-Q050=\":443\"; ma=2592000,h3-Q049=\":443\"; ma=2592000,h3-Q048=\":443\"; ma=2592000,h3-Q046=\":443\"; ma=2592000,h3-Q043=\":443\"; ma=2592000,quic=\":443\"; ma=2592000; v=\"46,43\"","accept-ranges":"none","transfer-encoding":"chunked"}
[debug] [2020-05-06T13:44:59.169Z] >>> HTTP REQUEST GET https://cloudfunctions.googleapis.com/v1/operations/cHotZG9zdGF3YS91cy1jZW50cmFsMS9oZWxsb1dvcmxkL25oOFFRaTZkLUMw  
 
[debug] [2020-05-06T13:44:59.452Z] <<< HTTP RESPONSE 200 {"content-type":"application/json; charset=UTF-8","vary":"X-Origin, Referer, Origin,Accept-Encoding","date":"Wed, 06 May 2020 13:44:59 GMT","server":"ESF","cache-control":"private","x-xss-protection":"0","x-frame-options":"SAMEORIGIN","x-content-type-options":"nosniff","alt-svc":"h3-27=\":443\"; ma=2592000,h3-25=\":443\"; ma=2592000,h3-Q050=\":443\"; ma=2592000,h3-Q049=\":443\"; ma=2592000,h3-Q048=\":443\"; ma=2592000,h3-Q046=\":443\"; ma=2592000,h3-Q043=\":443\"; ma=2592000,quic=\":443\"; ma=2592000; v=\"46,43\"","accept-ranges":"none","transfer-encoding":"chunked"}
[debug] [2020-05-06T13:45:01.454Z] >>> HTTP REQUEST GET https://cloudfunctions.googleapis.com/v1/operations/cHotZG9zdGF3YS91cy1jZW50cmFsMS9oZWxsb1dvcmxkL25oOFFRaTZkLUMw  
 
[debug] [2020-05-06T13:45:01.784Z] <<< HTTP RESPONSE 200 {"content-type":"application/json; charset=UTF-8","vary":"X-Origin, Referer, Origin,Accept-Encoding","date":"Wed, 06 May 2020 13:45:01 GMT","server":"ESF","cache-control":"private","x-xss-protection":"0","x-frame-options":"SAMEORIGIN","x-content-type-options":"nosniff","alt-svc":"h3-27=\":443\"; ma=2592000,h3-25=\":443\"; ma=2592000,h3-Q050=\":443\"; ma=2592000,h3-Q049=\":443\"; ma=2592000,h3-Q048=\":443\"; ma=2592000,h3-Q046=\":443\"; ma=2592000,h3-Q043=\":443\"; ma=2592000,quic=\":443\"; ma=2592000; v=\"46,43\"","accept-ranges":"none","transfer-encoding":"chunked"}
[debug] [2020-05-06T13:45:03.787Z] >>> HTTP REQUEST GET https://cloudfunctions.googleapis.com/v1/operations/cHotZG9zdGF3YS91cy1jZW50cmFsMS9oZWxsb1dvcmxkL25oOFFRaTZkLUMw  
 
[debug] [2020-05-06T13:45:04.076Z] <<< HTTP RESPONSE 200 {"content-type":"application/json; charset=UTF-8","vary":"X-Origin, Referer, Origin,Accept-Encoding","date":"Wed, 06 May 2020 13:45:04 GMT","server":"ESF","cache-control":"private","x-xss-protection":"0","x-frame-options":"SAMEORIGIN","x-content-type-options":"nosniff","alt-svc":"h3-27=\":443\"; ma=2592000,h3-25=\":443\"; ma=2592000,h3-Q050=\":443\"; ma=2592000,h3-Q049=\":443\"; ma=2592000,h3-Q048=\":443\"; ma=2592000,h3-Q046=\":443\"; ma=2592000,h3-Q043=\":443\"; ma=2592000,quic=\":443\"; ma=2592000; v=\"46,43\"","accept-ranges":"none","transfer-encoding":"chunked"}
[debug] [2020-05-06T13:45:06.078Z] >>> HTTP REQUEST GET https://cloudfunctions.googleapis.com/v1/operations/cHotZG9zdGF3YS91cy1jZW50cmFsMS9oZWxsb1dvcmxkL25oOFFRaTZkLUMw  
 
[debug] [2020-05-06T13:45:06.383Z] <<< HTTP RESPONSE 200 {"content-type":"application/json; charset=UTF-8","vary":"X-Origin, Referer, Origin,Accept-Encoding","date":"Wed, 06 May 2020 13:45:06 GMT","server":"ESF","cache-control":"private","x-xss-protection":"0","x-frame-options":"SAMEORIGIN","x-content-type-options":"nosniff","alt-svc":"h3-27=\":443\"; ma=2592000,h3-25=\":443\"; ma=2592000,h3-Q050=\":443\"; ma=2592000,h3-Q049=\":443\"; ma=2592000,h3-Q048=\":443\"; ma=2592000,h3-Q046=\":443\"; ma=2592000,h3-Q043=\":443\"; ma=2592000,quic=\":443\"; ma=2592000; v=\"46,43\"","accept-ranges":"none","transfer-encoding":"chunked"}
[debug] [2020-05-06T13:45:08.389Z] >>> HTTP REQUEST GET https://cloudfunctions.googleapis.com/v1/operations/cHotZG9zdGF3YS91cy1jZW50cmFsMS9oZWxsb1dvcmxkL25oOFFRaTZkLUMw  
 
[debug] [2020-05-06T13:45:08.849Z] <<< HTTP RESPONSE 200 {"content-type":"application/json; charset=UTF-8","vary":"X-Origin, Referer, Origin,Accept-Encoding","date":"Wed, 06 May 2020 13:45:08 GMT","server":"ESF","cache-control":"private","x-xss-protection":"0","x-frame-options":"SAMEORIGIN","x-content-type-options":"nosniff","alt-svc":"h3-27=\":443\"; ma=2592000,h3-25=\":443\"; ma=2592000,h3-Q050=\":443\"; ma=2592000,h3-Q049=\":443\"; ma=2592000,h3-Q048=\":443\"; ma=2592000,h3-Q046=\":443\"; ma=2592000,h3-Q043=\":443\"; ma=2592000,quic=\":443\"; ma=2592000; v=\"46,43\"","accept-ranges":"none","transfer-encoding":"chunked"}
[debug] [2020-05-06T13:45:10.850Z] >>> HTTP REQUEST GET https://cloudfunctions.googleapis.com/v1/operations/cHotZG9zdGF3YS91cy1jZW50cmFsMS9oZWxsb1dvcmxkL25oOFFRaTZkLUMw  
 
[debug] [2020-05-06T13:45:11.312Z] <<< HTTP RESPONSE 200 {"content-type":"application/json; charset=UTF-8","vary":"X-Origin, Referer, Origin,Accept-Encoding","date":"Wed, 06 May 2020 13:45:11 GMT","server":"ESF","cache-control":"private","x-xss-protection":"0","x-frame-options":"SAMEORIGIN","x-content-type-options":"nosniff","alt-svc":"h3-27=\":443\"; ma=2592000,h3-25=\":443\"; ma=2592000,h3-Q050=\":443\"; ma=2592000,h3-Q049=\":443\"; ma=2592000,h3-Q048=\":443\"; ma=2592000,h3-Q046=\":443\"; ma=2592000,h3-Q043=\":443\"; ma=2592000,quic=\":443\"; ma=2592000; v=\"46,43\"","accept-ranges":"none","transfer-encoding":"chunked"}
[debug] [2020-05-06T13:45:13.321Z] >>> HTTP REQUEST GET https://cloudfunctions.googleapis.com/v1/operations/cHotZG9zdGF3YS91cy1jZW50cmFsMS9oZWxsb1dvcmxkL25oOFFRaTZkLUMw  
 
[debug] [2020-05-06T13:45:13.759Z] <<< HTTP RESPONSE 200 {"content-type":"application/json; charset=UTF-8","vary":"X-Origin, Referer, Origin,Accept-Encoding","date":"Wed, 06 May 2020 13:45:13 GMT","server":"ESF","cache-control":"private","x-xss-protection":"0","x-frame-options":"SAMEORIGIN","x-content-type-options":"nosniff","alt-svc":"h3-27=\":443\"; ma=2592000,h3-25=\":443\"; ma=2592000,h3-Q050=\":443\"; ma=2592000,h3-Q049=\":443\"; ma=2592000,h3-Q048=\":443\"; ma=2592000,h3-Q046=\":443\"; ma=2592000,h3-Q043=\":443\"; ma=2592000,quic=\":443\"; ma=2592000; v=\"46,43\"","accept-ranges":"none","transfer-encoding":"chunked"}
[debug] [2020-05-06T13:45:15.764Z] >>> HTTP REQUEST GET https://cloudfunctions.googleapis.com/v1/operations/cHotZG9zdGF3YS91cy1jZW50cmFsMS9oZWxsb1dvcmxkL25oOFFRaTZkLUMw  
 
[debug] [2020-05-06T13:45:16.220Z] <<< HTTP RESPONSE 200 {"content-type":"application/json; charset=UTF-8","vary":"X-Origin, Referer, Origin,Accept-Encoding","date":"Wed, 06 May 2020 13:45:16 GMT","server":"ESF","cache-control":"private","x-xss-protection":"0","x-frame-options":"SAMEORIGIN","x-content-type-options":"nosniff","alt-svc":"h3-27=\":443\"; ma=2592000,h3-25=\":443\"; ma=2592000,h3-Q050=\":443\"; ma=2592000,h3-Q049=\":443\"; ma=2592000,h3-Q048=\":443\"; ma=2592000,h3-Q046=\":443\"; ma=2592000,h3-Q043=\":443\"; ma=2592000,quic=\":443\"; ma=2592000; v=\"46,43\"","accept-ranges":"none","transfer-encoding":"chunked"}
[debug] [2020-05-06T13:45:18.226Z] >>> HTTP REQUEST GET https://cloudfunctions.googleapis.com/v1/operations/cHotZG9zdGF3YS91cy1jZW50cmFsMS9oZWxsb1dvcmxkL25oOFFRaTZkLUMw  
 
[debug] [2020-05-06T13:45:18.671Z] <<< HTTP RESPONSE 200 {"content-type":"application/json; charset=UTF-8","vary":"X-Origin, Referer, Origin,Accept-Encoding","date":"Wed, 06 May 2020 13:45:18 GMT","server":"ESF","cache-control":"private","x-xss-protection":"0","x-frame-options":"SAMEORIGIN","x-content-type-options":"nosniff","alt-svc":"h3-27=\":443\"; ma=2592000,h3-25=\":443\"; ma=2592000,h3-Q050=\":443\"; ma=2592000,h3-Q049=\":443\"; ma=2592000,h3-Q048=\":443\"; ma=2592000,h3-Q046=\":443\"; ma=2592000,h3-Q043=\":443\"; ma=2592000,quic=\":443\"; ma=2592000; v=\"46,43\"","accept-ranges":"none","transfer-encoding":"chunked"}
[debug] [2020-05-06T13:45:20.676Z] >>> HTTP REQUEST GET https://cloudfunctions.googleapis.com/v1/operations/cHotZG9zdGF3YS91cy1jZW50cmFsMS9oZWxsb1dvcmxkL25oOFFRaTZkLUMw  
 
[debug] [2020-05-06T13:45:20.976Z] <<< HTTP RESPONSE 200 {"content-type":"application/json; charset=UTF-8","vary":"X-Origin, Referer, Origin,Accept-Encoding","date":"Wed, 06 May 2020 13:45:20 GMT","server":"ESF","cache-control":"private","x-xss-protection":"0","x-frame-options":"SAMEORIGIN","x-content-type-options":"nosniff","alt-svc":"h3-27=\":443\"; ma=2592000,h3-25=\":443\"; ma=2592000,h3-Q050=\":443\"; ma=2592000,h3-Q049=\":443\"; ma=2592000,h3-Q048=\":443\"; ma=2592000,h3-Q046=\":443\"; ma=2592000,h3-Q043=\":443\"; ma=2592000,quic=\":443\"; ma=2592000; v=\"46,43\"","accept-ranges":"none","transfer-encoding":"chunked"}
[debug] [2020-05-06T13:45:22.978Z] >>> HTTP REQUEST GET https://cloudfunctions.googleapis.com/v1/operations/cHotZG9zdGF3YS91cy1jZW50cmFsMS9oZWxsb1dvcmxkL25oOFFRaTZkLUMw  
 
[debug] [2020-05-06T13:45:24.199Z] <<< HTTP RESPONSE 200 {"content-type":"application/json; charset=UTF-8","vary":"X-Origin, Referer, Origin,Accept-Encoding","date":"Wed, 06 May 2020 13:45:23 GMT","server":"ESF","cache-control":"private","x-xss-protection":"0","x-frame-options":"SAMEORIGIN","x-content-type-options":"nosniff","alt-svc":"h3-27=\":443\"; ma=2592000,h3-25=\":443\"; ma=2592000,h3-Q050=\":443\"; ma=2592000,h3-Q049=\":443\"; ma=2592000,h3-Q048=\":443\"; ma=2592000,h3-Q046=\":443\"; ma=2592000,h3-Q043=\":443\"; ma=2592000,quic=\":443\"; ma=2592000; v=\"46,43\"","accept-ranges":"none","transfer-encoding":"chunked"}
[debug] [2020-05-06T13:45:26.204Z] >>> HTTP REQUEST GET https://cloudfunctions.googleapis.com/v1/operations/cHotZG9zdGF3YS91cy1jZW50cmFsMS9oZWxsb1dvcmxkL25oOFFRaTZkLUMw  
 
[debug] [2020-05-06T13:45:26.964Z] <<< HTTP RESPONSE 200 {"content-type":"application/json; charset=UTF-8","vary":"X-Origin, Referer, Origin,Accept-Encoding","date":"Wed, 06 May 2020 13:45:26 GMT","server":"ESF","cache-control":"private","x-xss-protection":"0","x-frame-options":"SAMEORIGIN","x-content-type-options":"nosniff","alt-svc":"h3-27=\":443\"; ma=2592000,h3-25=\":443\"; ma=2592000,h3-Q050=\":443\"; ma=2592000,h3-Q049=\":443\"; ma=2592000,h3-Q048=\":443\"; ma=2592000,h3-Q046=\":443\"; ma=2592000,h3-Q043=\":443\"; ma=2592000,quic=\":443\"; ma=2592000; v=\"46,43\"","accept-ranges":"none","transfer-encoding":"chunked"}
